C:\Program Files (x86)\Microsoft Visual Studio\2019\Community\MSBuild\Microsoft\VC\v160\Microsoft.CppBuild.targets(504,5): warning MSB8004: Intermediate Directory does not end with a trailing slash.  This build instance will add the slash as it is required to allow proper evaluation of the Intermediate Directory.
C:\Program Files (x86)\Microsoft Visual Studio\2019\Community\MSBuild\Microsoft\VC\v160\Microsoft.CppBuild.targets(505,5): warning MSB8004: Output Directory does not end with a trailing slash.  This build instance will add the slash as it is required to allow proper evaluation of the Output Directory.
  Assembling Hook.asm...
  Labs2Hook.cpp
C:\Users\Asus\source\repos\Labs2\Labs2Hook\Labs2Hook.cpp(7,35): warning C4267: 'initializing': conversion from 'size_t' to 'int', possible loss of data
C:\Users\Asus\source\repos\Labs2\Labs2Hook\Labs2Hook.cpp(21,35): warning C4267: 'initializing': conversion from 'size_t' to 'int', possible loss of data
C:\Users\Asus\source\repos\Labs2\Labs2Hook\Labs2Hook.cpp(35,35): warning C4267: 'initializing': conversion from 'size_t' to 'int', possible loss of data
C:\Users\Asus\source\repos\Labs2\Labs2Hook\Labs2Hook.cpp(49,35): warning C4267: 'initializing': conversion from 'size_t' to 'int', possible loss of data
  Generating code
  Previous IPDB not found, fall back to full compilation.
C:\Users\Asus\source\repos\Labs2\Labs2Hook\Labs2Hook.cpp(206): warning C4715: 'Labs2StartMessageExchange': not all control paths return a value
C:\Users\Asus\source\repos\Labs2\Labs2Hook\Labs2Hook.cpp(232): warning C4715: 'Labs2CreateHookForFunc': not all control paths return a value
  All 94 functions were compiled because no usable IPDB/IOBJ from previous compilation was found.
  Finished generating code
  Labs2Hook.vcxproj -> C:\Users\Asus\source\repos\Labs2\obj\Release_x64\Labs2Hook\Labs2Hook.dll
  Подпапка или файл -p уже существует.
  Ошибка во время обработки: -p.
  Подпапка или файл C:\Users\Asus\source\repos\Labs2\bin\Release уже существует.
  Ошибка во время обработки: C:\Users\Asus\source\repos\Labs2\bin\Release.
  Скопировано файлов:         1.
